<root><person id="1" name="Katniss Everdeen"><name>Katniss Everdeen</name><gender>female</gender><volunteer>true</volunteer><age>17</age><skin>olive skin</skin><badge><level>gold</level><name>hunter</name></badge><badge><level>gold</level><name>archery</name></badge><district id="12" industry="Coal mining" state="&lt;destroyed&gt;"><members>10000</members><description>&lt;TBW&gt;&amp;"</description><wescape>'"&lt;&gt;&amp;;,@!`~[]{}^%*()-+=</wescape><escape>'"&lt;&gt;&amp;;,@!`~\[]{}^%*()-+=</escape><wide>
	Â€Ç¼â‚¬ðê²¿</wide></district></person></root>